# JRE version: Java(TM) SE Runtime Environment (7.0_45-b18) (build 1.7.0_45-b18)
# Java VM: Java HotSpot(TM) 64-Bit Server VM (24.45-b08 mixed mode windows-amd64 compressed oops)
Heap
 PSYoungGen      total 218112K, used 51868K [0x00000000eb400000, 0x0000000100000000, 0x0000000100000000)
  eden space 202752K, 18% used [0x00000000eb400000,0x00000000ed7ab010,0x00000000f7a00000)
  from space 15360K, 99% used [0x00000000f7a00000,0x00000000f88fc360,0x00000000f8900000)
  to   space 20992K, 0% used [0x00000000feb80000,0x00000000feb80000,0x0000000100000000)
 ParOldGen       total 42496K, used 32243K [0x00000000c1c00000, 0x00000000c4580000, 0x00000000eb400000)
  object space 42496K, 75% used [0x00000000c1c00000,0x00000000c3b7cf38,0x00000000c4580000)
 PSPermGen       total 46592K, used 46127K [0x00000000bca00000, 0x00000000bf780000, 0x00000000c1c00000)
  object space 46592K, 99% used [0x00000000bca00000,0x00000000bf70bd98,0x00000000bf780000)
GC Heap History (10 events):
Event: 4.913 GC heap before
{Heap before GC invocations=7 (full 0):
 PSYoungGen      total 71168K, used 69184K [0x00000000eb400000, 0x00000000eff00000, 0x0000000100000000)
  eden space 65536K, 100% used [0x00000000eb400000,0x00000000ef400000,0x00000000ef400000)
  from space 5632K, 64% used [0x00000000ef980000,0x00000000efd10000,0x00000000eff00000)
  to   space 5632K, 0% used [0x00000000ef400000,0x00000000ef400000,0x00000000ef980000)
 ParOldGen       total 42496K, used 7151K [0x00000000c1c00000, 0x00000000c4580000, 0x00000000eb400000)
  object space 42496K, 16% used [0x00000000c1c00000,0x00000000c22fbf00,0x00000000c4580000)
 PSPermGen       total 21504K, used 14878K [0x00000000bca00000, 0x00000000bdf00000, 0x00000000c1c00000)
  object space 21504K, 69% used [0x00000000bca00000,0x00000000bd887bd0,0x00000000bdf00000)
Event: 4.927 GC heap after
Heap after GC invocations=7 (full 0):
 PSYoungGen      total 71168K, used 5175K [0x00000000eb400000, 0x00000000f4000000, 0x0000000100000000)
  eden space 65536K, 0% used [0x00000000eb400000,0x00000000eb400000,0x00000000ef400000)
  from space 5632K, 91% used [0x00000000ef400000,0x00000000ef90dd48,0x00000000ef980000)
  to   space 6144K, 0% used [0x00000000f3a00000,0x00000000f3a00000,0x00000000f4000000)
 ParOldGen       total 42496K, used 8079K [0x00000000c1c00000, 0x00000000c4580000, 0x00000000eb400000)
  object space 42496K, 19% used [0x00000000c1c00000,0x00000000c23e3fd0,0x00000000c4580000)
 PSPermGen       total 21504K, used 14878K [0x00000000bca00000, 0x00000000bdf00000, 0x00000000c1c00000)
  object space 21504K, 69% used [0x00000000bca00000,0x00000000bd887bd0,0x00000000bdf00000)
}
Event: 6.220 GC heap before
{Heap before GC invocations=8 (full 0):
 PSYoungGen      total 71168K, used 70711K [0x00000000eb400000, 0x00000000f4000000, 0x0000000100000000)
  eden space 65536K, 100% used [0x00000000eb400000,0x00000000ef400000,0x00000000ef400000)
  from space 5632K, 91% used [0x00000000ef400000,0x00000000ef90dd48,0x00000000ef980000)
  to   space 6144K, 0% used [0x00000000f3a00000,0x00000000f3a00000,0x00000000f4000000)
 ParOldGen       total 42496K, used 8079K [0x00000000c1c00000, 0x00000000c4580000, 0x00000000eb400000)
  object space 42496K, 19% used [0x00000000c1c00000,0x00000000c23e3fd0,0x00000000c4580000)
 PSPermGen       total 21504K, used 18888K [0x00000000bca00000, 0x00000000bdf00000, 0x00000000c1c00000)
  object space 21504K, 87% used [0x00000000bca00000,0x00000000bdc721a8,0x00000000bdf00000)
Event: 6.239 GC heap after
Heap after GC invocations=8 (full 0):
 PSYoungGen      total 135680K, used 6132K [0x00000000eb400000, 0x00000000f4300000, 0x0000000100000000)
  eden space 129536K, 0% used [0x00000000eb400000,0x00000000eb400000,0x00000000f3280000)
  from space 6144K, 99% used [0x00000000f3a00000,0x00000000f3ffd3b8,0x00000000f4000000)
  to   space 7680K, 0% used [0x00000000f3280000,0x00000000f3280000,0x00000000f3a00000)
 ParOldGen       total 42496K, used 9789K [0x00000000c1c00000, 0x00000000c4580000, 0x00000000eb400000)
  object space 42496K, 23% used [0x00000000c1c00000,0x00000000c258f678,0x00000000c4580000)
 PSPermGen       total 21504K, used 18888K [0x00000000bca00000, 0x00000000bdf00000, 0x00000000c1c00000)
  object space 21504K, 87% used [0x00000000bca00000,0x00000000bdc721a8,0x00000000bdf00000)
}
Event: 8.267 GC heap before
{Heap before GC invocations=9 (full 0):
 PSYoungGen      total 135680K, used 135668K [0x00000000eb400000, 0x00000000f4300000, 0x0000000100000000)
  eden space 129536K, 100% used [0x00000000eb400000,0x00000000f3280000,0x00000000f3280000)
  from space 6144K, 99% used [0x00000000f3a00000,0x00000000f3ffd3b8,0x00000000f4000000)
  to   space 7680K, 0% used [0x00000000f3280000,0x00000000f3280000,0x00000000f3a00000)
 ParOldGen       total 42496K, used 9789K [0x00000000c1c00000, 0x00000000c4580000, 0x00000000eb400000)
  object space 42496K, 23% used [0x00000000c1c00000,0x00000000c258f678,0x00000000c4580000)
 PSPermGen       total 25600K, used 25583K [0x00000000bca00000, 0x00000000be300000, 0x00000000c1c00000)
  object space 25600K, 99% used [0x00000000bca00000,0x00000000be2fbd88,0x00000000be300000)
Event: 8.299 GC heap after
Heap after GC invocations=9 (full 0):
 PSYoungGen      total 137216K, used 7678K [0x00000000eb400000, 0x00000000f9380000, 0x0000000100000000)
  eden space 129536K, 0% used [0x00000000eb400000,0x00000000eb400000,0x00000000f3280000)
  from space 7680K, 99% used [0x00000000f3280000,0x00000000f39ffbd8,0x00000000f3a00000)
  to   space 10752K, 0% used [0x00000000f8900000,0x00000000f8900000,0x00000000f9380000)
 ParOldGen       total 42496K, used 15087K [0x00000000c1c00000, 0x00000000c4580000, 0x00000000eb400000)
  object space 42496K, 35% used [0x00000000c1c00000,0x00000000c2abbd48,0x00000000c4580000)
 PSPermGen       total 25600K, used 25583K [0x00000000bca00000, 0x00000000be300000, 0x00000000c1c00000)
  object space 25600K, 99% used [0x00000000bca00000,0x00000000be2fbd88,0x00000000be300000)
}
Event: 12.578 GC heap before
{Heap before GC invocations=10 (full 0):
 PSYoungGen      total 137216K, used 137214K [0x00000000eb400000, 0x00000000f9380000, 0x0000000100000000)
  eden space 129536K, 100% used [0x00000000eb400000,0x00000000f3280000,0x00000000f3280000)
  from space 7680K, 99% used [0x00000000f3280000,0x00000000f39ffbd8,0x00000000f3a00000)
  to   space 10752K, 0% used [0x00000000f8900000,0x00000000f8900000,0x00000000f9380000)
 ParOldGen       total 42496K, used 15087K [0x00000000c1c00000, 0x00000000c4580000, 0x00000000eb400000)
  object space 42496K, 35% used [0x00000000c1c00000,0x00000000c2abbd48,0x00000000c4580000)
 PSPermGen       total 36352K, used 35863K [0x00000000bca00000, 0x00000000bed80000, 0x00000000c1c00000)
  object space 36352K, 98% used [0x00000000bca00000,0x00000000bed05fa8,0x00000000bed80000)
Event: 12.607 GC heap after
Heap after GC invocations=10 (full 0):
 PSYoungGen      total 213504K, used 10741K [0x00000000eb400000, 0x00000000f9c80000, 0x0000000100000000)
  eden space 202752K, 0% used [0x00000000eb400000,0x00000000eb400000,0x00000000f7a00000)
  from space 10752K, 99% used [0x00000000f8900000,0x00000000f937d518,0x00000000f9380000)
  to   space 15360K, 0% used [0x00000000f7a00000,0x00000000f7a00000,0x00000000f8900000)
 ParOldGen       total 42496K, used 23275K [0x00000000c1c00000, 0x00000000c4580000, 0x00000000eb400000)
  object space 42496K, 54% used [0x00000000c1c00000,0x00000000c32bae60,0x00000000c4580000)
 PSPermGen       total 36352K, used 35863K [0x00000000bca00000, 0x00000000bed80000, 0x00000000c1c00000)
  object space 36352K, 98% used [0x00000000bca00000,0x00000000bed05fa8,0x00000000bed80000)
}
Event: 20.715 GC heap before
{Heap before GC invocations=11 (full 0):
 PSYoungGen      total 213504K, used 213493K [0x00000000eb400000, 0x00000000f9c80000, 0x0000000100000000)
  eden space 202752K, 100% used [0x00000000eb400000,0x00000000f7a00000,0x00000000f7a00000)
  from space 10752K, 99% used [0x00000000f8900000,0x00000000f937d518,0x00000000f9380000)
  to   space 15360K, 0% used [0x00000000f7a00000,0x00000000f7a00000,0x00000000f8900000)
 ParOldGen       total 42496K, used 23275K [0x00000000c1c00000, 0x00000000c4580000, 0x00000000eb400000)
  object space 42496K, 54% used [0x00000000c1c00000,0x00000000c32bae60,0x00000000c4580000)
 PSPermGen       total 44544K, used 44168K [0x00000000bca00000, 0x00000000bf580000, 0x00000000c1c00000)
  object space 44544K, 99% used [0x00000000bca00000,0x00000000bf522318,0x00000000bf580000)
Event: 20.763 GC heap after
Heap after GC invocations=11 (full 0):
 PSYoungGen      total 218112K, used 15344K [0x00000000eb400000, 0x0000000100000000, 0x0000000100000000)
  eden space 202752K, 0% used [0x00000000eb400000,0x00000000eb400000,0x00000000f7a00000)
  from space 15360K, 99% used [0x00000000f7a00000,0x00000000f88fc360,0x00000000f8900000)
  to   space 20992K, 0% used [0x00000000feb80000,0x00000000feb80000,0x0000000100000000)
 ParOldGen       total 42496K, used 32243K [0x00000000c1c00000, 0x00000000c4580000, 0x00000000eb400000)
  object space 42496K, 75% used [0x00000000c1c00000,0x00000000c3b7cf38,0x00000000c4580000)
 PSPermGen       total 44544K, used 44168K [0x00000000bca00000, 0x00000000bf580000, 0x00000000c1c00000)
  object space 44544K, 99% used [0x00000000bca00000,0x00000000bf522318,0x00000000bf580000)
}

